<?xml version="1.0" encoding="UTF-8"?>
<testng-results ignored="0" total="1" passed="0" failed="1" skipped="0">
  <reporter-output>
  </reporter-output>
  <suite started-at="2020-11-30T20:59:26 GMT-05:00" name="Smoke Test suite" finished-at="2020-11-30T20:59:49 GMT-05:00" duration-ms="23714">
    <groups>
    </groups>
    <test started-at="2020-11-30T20:59:26 GMT-05:00" name="LoginTest" finished-at="2020-11-30T20:59:49 GMT-05:00" duration-ms="23714">
      <class name="com.OrangeHRM.TestCases.LoginPageTest">
        <test-method is-config="true" signature="setUp()[pri:0, instance:com.OrangeHRM.TestCases.LoginPageTest@7b477141]" started-at="2020-11-30T20:59:26 GMT-05:00" name="setUp" finished-at="2020-11-30T20:59:46 GMT-05:00" duration-ms="20255" status="PASS">
          <reporter-output>
          </reporter-output>
        </test-method> <!-- setUp -->
        <test-method signature="loginTest1_01()[pri:0, instance:com.OrangeHRM.TestCases.LoginPageTest@7b477141]" started-at="2020-11-30T20:59:46 GMT-05:00" name="loginTest1_01" finished-at="2020-11-30T20:59:46 GMT-05:00" duration-ms="32" status="FAIL">
          <exception class="java.lang.NullPointerException">
            <full-stacktrace>
              <![CDATA[java.lang.NullPointerException
at org.openqa.selenium.support.pagefactory.DefaultElementLocator.findElement(DefaultElementLocator.java:69)
at org.openqa.selenium.support.pagefactory.internal.LocatingElementHandler.invoke(LocatingElementHandler.java:38)
at com.sun.proxy.$Proxy14.sendKeys(Unknown Source)
at com.OrangeHRM.PageObjects.LoginpageObject.setusername(LoginpageObject.java:25)
at com.OrangeHRM.TestCases.LoginPageTest.loginTest1_01(LoginPageTest.java:17)
at java.base/jdk.internal.reflect.NativeMethodAccessorImpl.invoke0(Native Method)
at java.base/jdk.internal.reflect.NativeMethodAccessorImpl.invoke(NativeMethodAccessorImpl.java:62)
at java.base/jdk.internal.reflect.DelegatingMethodAccessorImpl.invoke(DelegatingMethodAccessorImpl.java:43)
at java.base/java.lang.reflect.Method.invoke(Method.java:564)
at org.testng.internal.MethodInvocationHelper.invokeMethod(MethodInvocationHelper.java:132)
at org.testng.internal.TestInvoker.invokeMethod(TestInvoker.java:599)
at org.testng.internal.TestInvoker.invokeTestMethod(TestInvoker.java:174)
at org.testng.internal.MethodRunner.runInSequence(MethodRunner.java:46)
at org.testng.internal.TestInvoker$MethodInvocationAgent.invoke(TestInvoker.java:822)
at org.testng.internal.TestInvoker.invokeTestMethods(TestInvoker.java:147)
at org.testng.internal.TestMethodWorker.invokeTestMethods(TestMethodWorker.java:146)
at org.testng.internal.TestMethodWorker.run(TestMethodWorker.java:128)
at java.base/java.util.ArrayList.forEach(ArrayList.java:1510)
at org.testng.TestRunner.privateRun(TestRunner.java:764)
at org.testng.TestRunner.run(TestRunner.java:585)
at org.testng.SuiteRunner.runTest(SuiteRunner.java:384)
at org.testng.SuiteRunner.runSequentially(SuiteRunner.java:378)
at org.testng.SuiteRunner.privateRun(SuiteRunner.java:337)
at org.testng.SuiteRunner.run(SuiteRunner.java:286)
at org.testng.SuiteRunnerWorker.runSuite(SuiteRunnerWorker.java:53)
at org.testng.SuiteRunnerWorker.run(SuiteRunnerWorker.java:96)
at org.testng.TestNG.runSuitesSequentially(TestNG.java:1218)
at org.testng.TestNG.runSuitesLocally(TestNG.java:1140)
at org.testng.TestNG.runSuites(TestNG.java:1069)
at org.testng.TestNG.run(TestNG.java:1037)
at org.testng.remote.AbstractRemoteTestNG.run(AbstractRemoteTestNG.java:115)
at org.testng.remote.RemoteTestNG.initAndRun(RemoteTestNG.java:251)
at org.testng.remote.RemoteTestNG.main(RemoteTestNG.java:77)
]]>
            </full-stacktrace>
          </exception> <!-- java.lang.NullPointerException -->
          <reporter-output>
          </reporter-output>
        </test-method> <!-- loginTest1_01 -->
        <test-method is-config="true" signature="close()[pri:0, instance:com.OrangeHRM.TestCases.LoginPageTest@7b477141]" started-at="2020-11-30T20:59:46 GMT-05:00" name="close" finished-at="2020-11-30T20:59:49 GMT-05:00" duration-ms="3243" status="PASS">
          <reporter-output>
          </reporter-output>
        </test-method> <!-- close -->
      </class> <!-- com.OrangeHRM.TestCases.LoginPageTest -->
    </test> <!-- LoginTest -->
  </suite> <!-- Smoke Test suite -->
</testng-results>
