<?xml version="1.0" encoding="UTF-8"?>
<!-- Generated by org.testng.reporters.JUnitXMLReporter -->
<testsuite ignored="0" hostname="DESKTOP-5J52O5A" failures="1" tests="1" name="LoginTest" time="23.714" errors="0" timestamp="2020-11-30T20:59:49 GMT-05:00">
  <testcase classname="com.OrangeHRM.TestCases.LoginPageTest" name="loginTest1_01" time="0.032">
    <failure type="java.lang.NullPointerException">
      <![CDATA[java.lang.NullPointerException
at org.openqa.selenium.support.pagefactory.DefaultElementLocator.findElement(DefaultElementLocator.java:69)
at org.openqa.selenium.support.pagefactory.internal.LocatingElementHandler.invoke(LocatingElementHandler.java:38)
at com.sun.proxy.$Proxy14.sendKeys(Unknown Source)
at com.OrangeHRM.PageObjects.LoginpageObject.setusername(LoginpageObject.java:25)
at com.OrangeHRM.TestCases.LoginPageTest.loginTest1_01(LoginPageTest.java:17)
at java.base/java.util.ArrayList.forEach(ArrayList.java:1510)
... Removed 27 stack frames]]>
    </failure>
  </testcase> <!-- loginTest1_01 -->
</testsuite> <!-- LoginTest -->
